[19-12-2022 22:24] move_uploaded_file(./images/c162f8e9ec2488025f7307a2f7bc51a13c1fc914.jpg): Failed to open stream: Permission denied on line 55 of /Applications/XAMPP/xamppfiles/htdocs/PRG02-2022-2023/advanced/week5/assignment/includes/classes/System/Utils/Image.php
[19-12-2022 22:25] Attempt to read property "artist" on bool on line 18 of /Applications/XAMPP/xamppfiles/htdocs/PRG02-2022-2023/advanced/week5/assignment/includes/templates/album/detail.php
[19-12-2022 22:30] DB Error: ID 40 is not available in the table albums on line 176 of /Applications/XAMPP/xamppfiles/htdocs/PRG02-2022-2023/advanced/week5/assignment/includes/classes/System/Databases/BaseObject.php
[19-12-2022 22:30] Attempt to read property "artist" on bool on line 23 of /Applications/XAMPP/xamppfiles/htdocs/PRG02-2022-2023/advanced/week5/assignment/includes/templates/album/edit.php
[19-12-2022 22:30] DB Error: ID 40 is not available in the table albums on line 176 of /Applications/XAMPP/xamppfiles/htdocs/PRG02-2022-2023/advanced/week5/assignment/includes/classes/System/Databases/BaseObject.php
[19-12-2022 22:31] DB Error: ID 14 is not available in the table albums on line 176 of /Applications/XAMPP/xamppfiles/htdocs/PRG02-2022-2023/advanced/week5/assignment/includes/classes/System/Databases/BaseObject.php
[19-12-2022 22:31] Undefined array key "id" on line 93 of /Applications/XAMPP/xamppfiles/htdocs/PRG02-2022-2023/advanced/week5/assignment/includes/classes/System/Handlers/AlbumHandler.php
[19-12-2022 22:32] DB Error: ID 14 is not available in the table albums on line 176 of /Applications/XAMPP/xamppfiles/htdocs/PRG02-2022-2023/advanced/week5/assignment/includes/classes/System/Databases/BaseObject.php
[19-12-2022 22:32] Undefined array key "id" on line 93 of /Applications/XAMPP/xamppfiles/htdocs/PRG02-2022-2023/advanced/week5/assignment/includes/classes/System/Handlers/AlbumHandler.php
[19-12-2022 22:33] Undefined array key "id" on line 93 of /Applications/XAMPP/xamppfiles/htdocs/PRG02-2022-2023/advanced/week5/assignment/includes/classes/System/Handlers/AlbumHandler.php
[19-12-2022 22:33] Undefined array key "id" on line 93 of /Applications/XAMPP/xamppfiles/htdocs/PRG02-2022-2023/advanced/week5/assignment/includes/classes/System/Handlers/AlbumHandler.php
[19-12-2022 22:33] Undefined array key "id" on line 93 of /Applications/XAMPP/xamppfiles/htdocs/PRG02-2022-2023/advanced/week5/assignment/includes/classes/System/Handlers/AlbumHandler.php
[19-12-2022 22:33] Undefined array key "id" on line 93 of /Applications/XAMPP/xamppfiles/htdocs/PRG02-2022-2023/advanced/week5/assignment/includes/classes/System/Handlers/AlbumHandler.php
[19-12-2022 22:33] Undefined array key "id" on line 93 of /Applications/XAMPP/xamppfiles/htdocs/PRG02-2022-2023/advanced/week5/assignment/includes/classes/System/Handlers/AlbumHandler.php
[19-12-2022 22:35] Undefined array key "id" on line 140 of /Applications/XAMPP/xamppfiles/htdocs/PRG02-2022-2023/advanced/week5/assignment/includes/classes/System/Handlers/AlbumHandler.php
[19-12-2022 22:35] Undefined array key "id" on line 140 of /Applications/XAMPP/xamppfiles/htdocs/PRG02-2022-2023/advanced/week5/assignment/includes/classes/System/Handlers/AlbumHandler.php
[19-12-2022 22:36] Undefined array key "id" on line 140 of /Applications/XAMPP/xamppfiles/htdocs/PRG02-2022-2023/advanced/week5/assignment/includes/classes/System/Handlers/AlbumHandler.php
[19-12-2022 22:36] DB Error: ID 1000 is not available in the table albums on line 176 of /Applications/XAMPP/xamppfiles/htdocs/PRG02-2022-2023/advanced/week5/assignment/includes/classes/System/Databases/BaseObject.php
[19-12-2022 22:37] Undefined array key "id" on line 93 of /Applications/XAMPP/xamppfiles/htdocs/PRG02-2022-2023/advanced/week5/assignment/includes/classes/System/Handlers/AlbumHandler.php
[19-12-2022 22:37] DB Error: ID 14 is not available in the table albums on line 176 of /Applications/XAMPP/xamppfiles/htdocs/PRG02-2022-2023/advanced/week5/assignment/includes/classes/System/Databases/BaseObject.php
[19-12-2022 22:38] Undefined array key "id" on line 162 of /Applications/XAMPP/xamppfiles/htdocs/PRG02-2022-2023/advanced/week5/assignment/includes/classes/System/Handlers/AlbumHandler.php
[19-12-2022 22:39] DB Error: ID 170 is not available in the table albums on line 176 of /Applications/XAMPP/xamppfiles/htdocs/PRG02-2022-2023/advanced/week5/assignment/includes/classes/System/Databases/BaseObject.php
[20-12-2022 10:59] DB Error: ID 100 is not available in the table albums on line 176 of /Applications/XAMPP/xamppfiles/htdocs/PRG02-2022-2023/advanced/week5/assignment/includes/classes/System/Databases/BaseObject.php
[07-12-2023 15:35] DB Connection failed: SQLSTATE[HY000] [1049] Unknown database 'music_collection_users' on line 50 of C:\xampp\htdocs\eindopdracht\includes\classes\System\Databases\Database.php
[07-12-2023 15:35] SQLSTATE[42S02]: Base table or view not found: 1146 Table 'eindopdracht_prg2_adv.albums' doesn't exist on line 159 of C:\xampp\htdocs\eindopdracht\includes\classes\System\Databases\BaseObject.php
[07-12-2023 15:36] SQLSTATE[42S02]: Base table or view not found: 1146 Table 'eindopdracht_prg2_adv.albums' doesn't exist on line 159 of C:\xampp\htdocs\eindopdracht\includes\classes\System\Databases\BaseObject.php
[07-12-2023 15:36] SQLSTATE[42S02]: Base table or view not found: 1146 Table 'eindopdracht_prg2_adv.albums' doesn't exist on line 159 of C:\xampp\htdocs\eindopdracht\includes\classes\System\Databases\BaseObject.php
[07-12-2023 15:36] SQLSTATE[42S02]: Base table or view not found: 1146 Table 'eindopdracht_prg2_adv.albums' doesn't exist on line 159 of C:\xampp\htdocs\eindopdracht\includes\classes\System\Databases\BaseObject.php
[07-12-2023 15:36] SQLSTATE[42S02]: Base table or view not found: 1146 Table 'eindopdracht_prg2_adv.albums' doesn't exist on line 159 of C:\xampp\htdocs\eindopdracht\includes\classes\System\Databases\BaseObject.php
[07-12-2023 15:36] SQLSTATE[42S02]: Base table or view not found: 1146 Table 'eindopdracht_prg2_adv.albums' doesn't exist on line 159 of C:\xampp\htdocs\eindopdracht\includes\classes\System\Databases\BaseObject.php
[07-12-2023 15:38] SQLSTATE[42S02]: Base table or view not found: 1146 Table 'eindopdracht_prg2_adv.albums' doesn't exist on line 159 of C:\xampp\htdocs\eindopdracht\includes\classes\System\Databases\BaseObject.php
[07-12-2023 15:39] SQLSTATE[42S02]: Base table or view not found: 1146 Table 'eindopdracht_prg2_adv.albums' doesn't exist on line 159 of C:\xampp\htdocs\eindopdracht\includes\classes\System\Databases\BaseObject.php
[07-12-2023 15:39] SQLSTATE[42S02]: Base table or view not found: 1146 Table 'eindopdracht_prg2_adv.albums' doesn't exist on line 159 of C:\xampp\htdocs\eindopdracht\includes\classes\System\Databases\BaseObject.php
[07-12-2023 15:42] SQLSTATE[42S02]: Base table or view not found: 1146 Table 'eindopdracht_prg2_adv.albums' doesn't exist on line 159 of C:\xampp\htdocs\eindopdracht\includes\classes\System\Databases\BaseObject.php
[07-12-2023 15:42] SQLSTATE[42S02]: Base table or view not found: 1146 Table 'eindopdracht_prg2_adv.albums' doesn't exist on line 159 of C:\xampp\htdocs\eindopdracht\includes\classes\System\Databases\BaseObject.php
[07-12-2023 15:42] SQLSTATE[42S02]: Base table or view not found: 1146 Table 'eindopdracht_prg2_adv.albums' doesn't exist on line 159 of C:\xampp\htdocs\eindopdracht\includes\classes\System\Databases\BaseObject.php
[07-12-2023 15:43] SQLSTATE[42S02]: Base table or view not found: 1146 Table 'eindopdracht_prg2_adv.albums' doesn't exist on line 159 of C:\xampp\htdocs\eindopdracht\includes\classes\System\Databases\BaseObject.php
[07-12-2023 15:43] SQLSTATE[42S02]: Base table or view not found: 1146 Table 'eindopdracht_prg2_adv.albums' doesn't exist on line 159 of C:\xampp\htdocs\eindopdracht\includes\classes\System\Databases\BaseObject.php
[07-12-2023 15:43] SQLSTATE[42S02]: Base table or view not found: 1146 Table 'eindopdracht_prg2_adv.albums' doesn't exist on line 159 of C:\xampp\htdocs\eindopdracht\includes\classes\System\Databases\BaseObject.php
[07-12-2023 15:45] SQLSTATE[42S02]: Base table or view not found: 1146 Table 'eindopdracht_prg2_adv.albums' doesn't exist on line 159 of C:\xampp\htdocs\eindopdracht\includes\classes\System\Databases\BaseObject.php
[07-12-2023 15:46] SQLSTATE[42S02]: Base table or view not found: 1146 Table 'eindopdracht_prg2_adv.albums' doesn't exist on line 159 of C:\xampp\htdocs\eindopdracht\includes\classes\System\Databases\BaseObject.php
[07-12-2023 15:47] SQLSTATE[42S02]: Base table or view not found: 1146 Table 'eindopdracht_prg2_adv.albums' doesn't exist on line 159 of C:\xampp\htdocs\eindopdracht\includes\classes\System\Databases\BaseObject.php
[07-12-2023 15:47] SQLSTATE[42S02]: Base table or view not found: 1146 Table 'eindopdracht_prg2_adv.albums' doesn't exist on line 159 of C:\xampp\htdocs\eindopdracht\includes\classes\System\Databases\BaseObject.php
[07-12-2023 15:47] SQLSTATE[42S02]: Base table or view not found: 1146 Table 'eindopdracht_prg2_adv.albums' doesn't exist on line 159 of C:\xampp\htdocs\eindopdracht\includes\classes\System\Databases\BaseObject.php
[11-12-2023 12:14] SQLSTATE[42S02]: Base table or view not found: 1146 Table 'eindopdracht_prg2_adv.albums' doesn't exist on line 159 of C:\xampp\htdocs\eindopdracht\includes\classes\System\Databases\BaseObject.php
[11-12-2023 12:14] SQLSTATE[42S02]: Base table or view not found: 1146 Table 'eindopdracht_prg2_adv.albums' doesn't exist on line 159 of C:\xampp\htdocs\eindopdracht\includes\classes\System\Databases\BaseObject.php
[11-12-2023 12:14] SQLSTATE[42S02]: Base table or view not found: 1146 Table 'eindopdracht_prg2_adv.albums' doesn't exist on line 159 of C:\xampp\htdocs\eindopdracht\includes\classes\System\Databases\BaseObject.php
[11-12-2023 12:14] SQLSTATE[42S02]: Base table or view not found: 1146 Table 'eindopdracht_prg2_adv.albums' doesn't exist on line 159 of C:\xampp\htdocs\eindopdracht\includes\classes\System\Databases\BaseObject.php
[11-12-2023 12:16] Undefined property: System\Databases\Objects\Game::$image on line 42 of C:\xampp\htdocs\eindopdracht\includes\templates\game\index.php
[11-12-2023 12:25] Undefined property: System\Databases\Objects\Game::$genre on line 48 of C:\xampp\htdocs\eindopdracht\includes\templates\game\index.php
[11-12-2023 12:27] SQLSTATE[42S02]: Base table or view not found: 1146 Table 'eindopdracht_prg2_adv.albums' doesn't exist on line 173 of C:\xampp\htdocs\eindopdracht\includes\classes\System\Databases\BaseObject.php
[11-12-2023 12:31] Undefined variable $genres on line 27 of C:\xampp\htdocs\eindopdracht\includes\templates\game\detail.php
[11-12-2023 12:32] SQLSTATE[42S02]: Base table or view not found: 1146 Table 'eindopdracht_prg2_adv.albums' doesn't exist on line 173 of C:\xampp\htdocs\eindopdracht\includes\classes\System\Databases\BaseObject.php
[11-12-2023 12:47] Undefined property: System\Databases\Objects\Game::$logger on line 49 of C:\xampp\htdocs\eindopdracht\includes\classes\System\Databases\Objects\Game.php
[11-12-2023 12:48] Undefined property: System\Databases\Objects\Game::$logger on line 50 of C:\xampp\htdocs\eindopdracht\includes\classes\System\Databases\Objects\Game.php
[11-12-2023 12:48] Undefined property: System\Databases\Objects\Game::$logger on line 50 of C:\xampp\htdocs\eindopdracht\includes\classes\System\Databases\Objects\Game.php
[13-12-2023 12:51] DB Connection failed: SQLSTATE[HY000] [1049] Unknown database 'eindopdracht_prg2' on line 50 of C:\xampp\htdocs\eindopdracht\includes\classes\System\Databases\Database.php
[13-12-2023 12:52] DB Connection failed: SQLSTATE[HY000] [1049] Unknown database 'eindopdracht_prg2' on line 50 of C:\xampp\htdocs\eindopdracht\includes\classes\System\Databases\Database.php
[13-12-2023 13:17] Array to string conversion on line 50 of C:\xampp\htdocs\eindopdracht\includes\templates\game\index.php
[13-12-2023 13:21] Array to string conversion on line 23 of C:\xampp\htdocs\eindopdracht\includes\templates\game\detail.php
[13-12-2023 13:31] SQLSTATE[42S02]: Base table or view not found: 1146 Table 'eindopdracht_pgr2.developer' doesn't exist on line 162 of C:\xampp\htdocs\eindopdracht\includes\classes\System\Databases\BaseObject.php
[13-12-2023 13:31] Creation of dynamic property System\Databases\Objects\Game::$developers_id is deprecated on line 162 of C:\xampp\htdocs\eindopdracht\includes\classes\System\Databases\BaseObject.php
[13-12-2023 13:33] Creation of dynamic property System\Databases\Objects\Game::$developers_id is deprecated on line 180 of C:\xampp\htdocs\eindopdracht\includes\classes\System\Databases\BaseObject.php
[13-12-2023 13:40] Creation of dynamic property System\Databases\Objects\Game::$developers_id is deprecated on line 162 of C:\xampp\htdocs\eindopdracht\includes\classes\System\Databases\BaseObject.php
[13-12-2023 13:40] Creation of dynamic property System\Databases\Objects\Game::$developers_id is deprecated on line 180 of C:\xampp\htdocs\eindopdracht\includes\classes\System\Databases\BaseObject.php
[13-12-2023 13:40] Creation of dynamic property System\Databases\Objects\Game::$developers_id is deprecated on line 162 of C:\xampp\htdocs\eindopdracht\includes\classes\System\Databases\BaseObject.php
[13-12-2023 13:41] Creation of dynamic property System\Databases\Objects\Game::$developer_id is deprecated on line 162 of C:\xampp\htdocs\eindopdracht\includes\classes\System\Databases\BaseObject.php
[13-12-2023 13:42] Creation of dynamic property System\Databases\Objects\Game::$developers_id is deprecated on line 162 of C:\xampp\htdocs\eindopdracht\includes\classes\System\Databases\BaseObject.php
[13-12-2023 13:42] Creation of dynamic property System\Databases\Objects\Game::$developers_id is deprecated on line 162 of C:\xampp\htdocs\eindopdracht\includes\classes\System\Databases\BaseObject.php
[13-12-2023 13:45] Creation of dynamic property System\Databases\Objects\Game::$developers_id is deprecated on line 162 of C:\xampp\htdocs\eindopdracht\includes\classes\System\Databases\BaseObject.php
[13-12-2023 13:46] Creation of dynamic property System\Databases\Objects\Game::$developers_id is deprecated on line 162 of C:\xampp\htdocs\eindopdracht\includes\classes\System\Databases\BaseObject.php
[13-12-2023 13:49] Undefined property: System\Databases\Objects\Game::$developer_name on line 48 of C:\xampp\htdocs\eindopdracht\includes\templates\game\index.php
[13-12-2023 13:50] Undefined property: System\Databases\Objects\Game::$developers_name on line 48 of C:\xampp\htdocs\eindopdracht\includes\templates\game\index.php
[13-12-2023 13:50] Creation of dynamic property System\Databases\Objects\Game::$developers_id is deprecated on line 162 of C:\xampp\htdocs\eindopdracht\includes\classes\System\Databases\BaseObject.php
[13-12-2023 14:02] Undefined property: System\Databases\Objects\Game::$developers_name on line 48 of C:\xampp\htdocs\eindopdracht\includes\templates\game\index.php
[13-12-2023 14:02] Creation of dynamic property System\Databases\Objects\Game::$developers_id is deprecated on line 162 of C:\xampp\htdocs\eindopdracht\includes\classes\System\Databases\BaseObject.php
[13-12-2023 14:02] SQLSTATE[42S22]: Column not found: 1054 Unknown column 'games.developers_id' in 'on clause' on line 162 of C:\xampp\htdocs\eindopdracht\includes\classes\System\Databases\BaseObject.php
[13-12-2023 14:03] Creation of dynamic property System\Databases\Objects\Game::$developers_id is deprecated on line 162 of C:\xampp\htdocs\eindopdracht\includes\classes\System\Databases\BaseObject.php
[13-12-2023 14:03] Creation of dynamic property System\Databases\Objects\Game::$developers_name is deprecated on line 162 of C:\xampp\htdocs\eindopdracht\includes\classes\System\Databases\BaseObject.php
[13-12-2023 14:08] Creation of dynamic property System\Databases\Objects\Game::$developers_id is deprecated on line 164 of C:\xampp\htdocs\eindopdracht\includes\classes\System\Databases\BaseObject.php
[13-12-2023 14:22] Creation of dynamic property System\Databases\Objects\Game::$developers_id is deprecated on line 164 of C:\xampp\htdocs\eindopdracht\includes\classes\System\Databases\BaseObject.php
[13-12-2023 14:37] Creation of dynamic property System\Databases\Objects\Game::$developers_id is deprecated on line 164 of C:\xampp\htdocs\eindopdracht\includes\classes\System\Databases\BaseObject.php
[13-12-2023 14:47] Creation of dynamic property System\Databases\Objects\Game::$developers_id is deprecated on line 164 of C:\xampp\htdocs\eindopdracht\old\includes\classes\System\Databases\BaseObject.php
[13-12-2023 15:59] Creation of dynamic property System\Databases\Objects\Game::$developers_id is deprecated on line 164 of C:\xampp\htdocs\eindopdracht\includes\classes\System\Databases\BaseObject.php
[13-12-2023 15:59] Creation of dynamic property System\Databases\Objects\Game::$developers_id is deprecated on line 164 of C:\xampp\htdocs\eindopdracht\includes\classes\System\Databases\BaseObject.php
[13-12-2023 15:59] Creation of dynamic property System\Databases\Objects\Game::$developers_id is deprecated on line 164 of C:\xampp\htdocs\eindopdracht\includes\classes\System\Databases\BaseObject.php
[13-12-2023 16:07] Creation of dynamic property System\Databases\Objects\Game::$developers_arid is deprecated on line 164 of C:\xampp\htdocs\eindopdracht\includes\classes\System\Databases\BaseObject.php
[13-12-2023 16:07] Creation of dynamic property System\Databases\Objects\Game::$developers_id is deprecated on line 164 of C:\xampp\htdocs\eindopdracht\includes\classes\System\Databases\BaseObject.php
[13-12-2023 16:09] Creation of dynamic property System\Databases\Objects\Game::$developers_id is deprecated on line 164 of C:\xampp\htdocs\eindopdracht\includes\classes\System\Databases\BaseObject.php
[13-12-2023 16:09] Creation of dynamic property System\Databases\Objects\Game::$developers_id is deprecated on line 164 of C:\xampp\htdocs\eindopdracht\includes\classes\System\Databases\BaseObject.php
[13-12-2023 16:09] SQLSTATE[42S22]: Column not found: 1054 Unknown column 'developers.id' in 'field list' on line 164 of C:\xampp\htdocs\eindopdracht\includes\classes\System\Databases\BaseObject.php
[13-12-2023 16:19] Creation of dynamic property System\Databases\Objects\Game::$developers_id is deprecated on line 164 of C:\xampp\htdocs\eindopdracht\includes\classes\System\Databases\BaseObject.php
[13-12-2023 16:19] Creation of dynamic property System\Databases\Objects\Game::$developers_name is deprecated on line 164 of C:\xampp\htdocs\eindopdracht\includes\classes\System\Databases\BaseObject.php
[13-12-2023 16:22] Undefined array key "developer_name" on line 91 of C:\xampp\htdocs\eindopdracht\includes\classes\System\Databases\BaseObject.php
[14-12-2023 11:50] Route does not exist on line 63 of C:\xampp\htdocs\eindopdracht\includes\classes\System\Handlers\BaseHandler.php
[14-12-2023 12:14] Route does not exist on line 63 of C:\xampp\htdocs\eindopdracht\includes\classes\System\Handlers\BaseHandler.php
[14-12-2023 12:16] Route does not exist on line 63 of C:\xampp\htdocs\eindopdracht\includes\classes\System\Handlers\BaseHandler.php
[14-12-2023 12:18] Undefined array key "artist_id" on line 91 of C:\xampp\htdocs\eindopdracht\includes\classes\System\Databases\BaseObject.php
[14-12-2023 12:18] Undefined array key "artist_id" on line 91 of C:\xampp\htdocs\eindopdracht\includes\classes\System\Databases\BaseObject.php
[14-12-2023 12:18] Undefined array key "artist_id" on line 91 of C:\xampp\htdocs\eindopdracht\includes\classes\System\Databases\BaseObject.php
[14-12-2023 12:25] template genre/index does not exist. on line 81 of C:\xampp\htdocs\eindopdracht\includes\classes\System\Handlers\BaseHandler.php
[14-12-2023 12:41] Undefined variable $totalArtists on line 32 of C:\xampp\htdocs\eindopdracht\includes\templates\developer\index.php
[14-12-2023 13:33] SQLSTATE[42S22]: Column not found: 1054 Unknown column 'name' in 'field list' on line 150 of C:\xampp\htdocs\eindopdracht\includes\classes\System\Databases\BaseObject.php
[14-12-2023 13:34] SQLSTATE[42S22]: Column not found: 1054 Unknown column 'name' in 'field list' on line 150 of C:\xampp\htdocs\eindopdracht\includes\classes\System\Databases\BaseObject.php
[14-12-2023 13:47] Undefined array key "location" on line 39 of C:\xampp\htdocs\eindopdracht\includes\templates\account\login.php
[14-12-2023 13:51] Undefined array key "id" on line 135 of C:\xampp\htdocs\eindopdracht\includes\classes\System\Handlers\GameHandler.php
[14-12-2023 13:51] Undefined array key "id" on line 135 of C:\xampp\htdocs\eindopdracht\includes\classes\System\Handlers\GameHandler.php
[14-12-2023 13:57] SQLSTATE[42S02]: Base table or view not found: 1146 Table 'eindopdracht_pgr2.{$tablename}' doesn't exist on line 262 of C:\xampp\htdocs\eindopdracht\includes\classes\System\Databases\BaseObject.php
[14-12-2023 14:08] unlink(./images/dds.jpg): No such file or directory on line 70 of C:\xampp\htdocs\eindopdracht\includes\classes\System\Utils\Image.php
[14-12-2023 14:11] DB Error: ID 1 is not available in the table games on line 207 of C:\xampp\htdocs\eindopdracht\includes\classes\System\Databases\BaseObject.php
[14-12-2023 14:11] DB Error: ID 4 is not available in the table games on line 207 of C:\xampp\htdocs\eindopdracht\includes\classes\System\Databases\BaseObject.php
[14-12-2023 14:11] DB Error: ID 5 is not available in the table games on line 207 of C:\xampp\htdocs\eindopdracht\includes\classes\System\Databases\BaseObject.php
[17-12-2023 13:30] DB Error: ID 0 is not available in the table games on line 207 of C:\xampp\htdocs\eindopdracht\includes\classes\System\Databases\BaseObject.php
[17-12-2023 13:31] DB Error: ID 0 is not available in the table games on line 207 of C:\xampp\htdocs\eindopdracht\includes\classes\System\Databases\BaseObject.php
[17-12-2023 13:32] DB Error: ID 0 is not available in the table games on line 207 of C:\xampp\htdocs\eindopdracht\includes\classes\System\Databases\BaseObject.php
[17-12-2023 13:33] DB Error: ID 0 is not available in the table games on line 207 of C:\xampp\htdocs\eindopdracht\includes\classes\System\Databases\BaseObject.php
[17-12-2023 13:33] DB Error: ID 0 is not available in the table games on line 207 of C:\xampp\htdocs\eindopdracht\includes\classes\System\Databases\BaseObject.php
[17-12-2023 13:33] DB Error: ID 0 is not available in the table games on line 207 of C:\xampp\htdocs\eindopdracht\includes\classes\System\Databases\BaseObject.php
[17-12-2023 13:56] DB Error: ID 0 is not available in the table games on line 207 of C:\xampp\htdocs\eindopdracht\includes\classes\System\Databases\BaseObject.php
[17-12-2023 14:12] DB Error: ID 0 is not available in the table games on line 207 of C:\xampp\htdocs\eindopdracht\includes\classes\System\Databases\BaseObject.php
[10-01-2024 10:00] unlink(./images/d1d4f7a696824b95a16adde3f57586533bea1655.jpg): No such file or directory on line 70 of C:\xampp\htdocs\eindopdracht\includes\classes\System\Utils\Image.php
[10-01-2024 10:00] unlink(./images/d1d4f7a696824b95a16adde3f57586533bea1655.jpg): No such file or directory on line 70 of C:\xampp\htdocs\eindopdracht\includes\classes\System\Utils\Image.php
[10-01-2024 10:01] unlink(./images/d1d4f7a696824b95a16adde3f57586533bea1655.jpg): No such file or directory on line 70 of C:\xampp\htdocs\eindopdracht\includes\classes\System\Utils\Image.php
[12-01-2024 10:18] SQLSTATE[42S02]: Base table or view not found: 1146 Table 'eindopdracht_pgr2.dates' doesn't exist on line 188 of C:\xampp\htdocs\team17\includes\classes\System\Databases\BaseObject.php
[12-01-2024 10:22] SQLSTATE[42S02]: Base table or view not found: 1146 Table 'eindopdracht_pgr2.dates' doesn't exist on line 188 of C:\xampp\htdocs\team17\includes\classes\System\Databases\BaseObject.php
[15-01-2024 10:01] SQLSTATE[42S02]: Base table or view not found: 1146 Table 'cle2_sprint2.developers' doesn't exist on line 188 of C:\xampp\htdocs\team17\includes\classes\System\Databases\BaseObject.php
[15-01-2024 10:31] SQLSTATE[23000]: Integrity constraint violation: 1452 Cannot add or update a child row: a foreign key constraint fails (`cle2_sprint2`.`dates`, CONSTRAINT `dates_fk1` FOREIGN KEY (`user_id`) REFERENCES `users` (`id`) ON DELETE CASCADE) on line 150 of C:\xampp\htdocs\team17\includes\classes\System\Databases\BaseObject.php
[15-01-2024 10:34] SQLSTATE[42S02]: Base table or view not found: 1146 Table 'cle2_sprint2.games' doesn't exist on line 188 of C:\xampp\htdocs\team17\includes\classes\System\Databases\BaseObject.php
[15-01-2024 10:36] Undefined array key "name" on line 91 of C:\xampp\htdocs\team17\includes\classes\System\Databases\BaseObject.php
[15-01-2024 10:42] Query can't find dates.id. on line 292 of C:\xampp\htdocs\team17\includes\classes\System\Databases\BaseObject.php
[15-01-2024 10:42] Query can't find dates.id. on line 292 of C:\xampp\htdocs\team17\includes\classes\System\Databases\BaseObject.php
[15-01-2024 10:42] Query can't find dates.id. on line 292 of C:\xampp\htdocs\team17\includes\classes\System\Databases\BaseObject.php
[15-01-2024 10:45] Query can't find dates.id. on line 292 of C:\xampp\htdocs\team17\includes\classes\System\Databases\BaseObject.php
[15-01-2024 11:27] SQLSTATE[42S02]: Base table or view not found: 1146 Table 'cle2_sprint2.games' doesn't exist on line 188 of C:\xampp\htdocs\team17\includes\classes\System\Databases\BaseObject.php
[15-01-2024 11:29] Undefined variable $jobIds on line 51 of C:\xampp\htdocs\team17\includes\templates\date\edit.php
[15-01-2024 11:40] Undefined array key "hours" on line 91 of C:\xampp\htdocs\team17\includes\classes\System\Databases\BaseObject.php
